<?xml version="1.0" encoding="UTF-8"?>
<testsuite xmlns:xsi="http://www.w3.org/2001/XMLSchema-instance" xsi:noNamespaceSchemaLocation="https://maven.apache.org/surefire/maven-surefire-plugin/xsd/surefire-test-report-3.0.xsd" version="3.0" name="br.com.votify.core.domain.entities.users.UserValidatorTest" time="2.128" tests="14" errors="0" skipped="0" failures="0">
  <properties>
    <property name="java.specification.version" value="17"/>
    <property name="sun.jnu.encoding" value="UTF-8"/>
    <property name="java.class.path" value="/home/runner/work/Votify/Votify/votify-test/target/test-classes:/home/runner/work/Votify/Votify/votify-test/target/classes:/home/runner/work/Votify/Votify/votify-core/target/votify-core-0.0.1-SNAPSHOT.jar:/home/runner/.m2/repository/org/springframework/boot/spring-boot-starter-data-jpa/3.4.2/spring-boot-starter-data-jpa-3.4.2.jar:/home/runner/.m2/repository/org/springframework/boot/spring-boot-starter-jdbc/3.4.2/spring-boot-starter-jdbc-3.4.2.jar:/home/runner/.m2/repository/com/zaxxer/HikariCP/5.1.0/HikariCP-5.1.0.jar:/home/runner/.m2/repository/org/springframework/spring-jdbc/6.2.2/spring-jdbc-6.2.2.jar:/home/runner/.m2/repository/org/hibernate/orm/hibernate-core/6.6.5.Final/hibernate-core-6.6.5.Final.jar:/home/runner/.m2/repository/jakarta/persistence/jakarta.persistence-api/3.1.0/jakarta.persistence-api-3.1.0.jar:/home/runner/.m2/repository/jakarta/transaction/jakarta.transaction-api/2.0.1/jakarta.transaction-api-2.0.1.jar:/home/runner/.m2/repository/org/jboss/logging/jboss-logging/3.6.1.Final/jboss-logging-3.6.1.Final.jar:/home/runner/.m2/repository/org/hibernate/common/hibernate-commons-annotations/7.0.3.Final/hibernate-commons-annotations-7.0.3.Final.jar:/home/runner/.m2/repository/io/smallrye/jandex/3.2.0/jandex-3.2.0.jar:/home/runner/.m2/repository/com/fasterxml/classmate/1.7.0/classmate-1.7.0.jar:/home/runner/.m2/repository/org/glassfish/jaxb/jaxb-runtime/4.0.5/jaxb-runtime-4.0.5.jar:/home/runner/.m2/repository/org/glassfish/jaxb/jaxb-core/4.0.5/jaxb-core-4.0.5.jar:/home/runner/.m2/repository/org/eclipse/angus/angus-activation/2.0.2/angus-activation-2.0.2.jar:/home/runner/.m2/repository/org/glassfish/jaxb/txw2/4.0.5/txw2-4.0.5.jar:/home/runner/.m2/repository/com/sun/istack/istack-commons-runtime/4.1.2/istack-commons-runtime-4.1.2.jar:/home/runner/.m2/repository/jakarta/inject/jakarta.inject-api/2.0.1/jakarta.inject-api-2.0.1.jar:/home/runner/.m2/repository/org/antlr/antlr4-runtime/4.13.0/antlr4-runtime-4.13.0.jar:/home/runner/.m2/repository/org/springframework/data/spring-data-jpa/3.4.2/spring-data-jpa-3.4.2.jar:/home/runner/.m2/repository/org/springframework/data/spring-data-commons/3.4.2/spring-data-commons-3.4.2.jar:/home/runner/.m2/repository/org/springframework/spring-orm/6.2.2/spring-orm-6.2.2.jar:/home/runner/.m2/repository/org/springframework/spring-context/6.2.2/spring-context-6.2.2.jar:/home/runner/.m2/repository/org/springframework/spring-aop/6.2.2/spring-aop-6.2.2.jar:/home/runner/.m2/repository/org/springframework/spring-tx/6.2.2/spring-tx-6.2.2.jar:/home/runner/.m2/repository/org/springframework/spring-beans/6.2.2/spring-beans-6.2.2.jar:/home/runner/.m2/repository/org/springframework/spring-aspects/6.2.2/spring-aspects-6.2.2.jar:/home/runner/.m2/repository/org/aspectj/aspectjweaver/1.9.22.1/aspectjweaver-1.9.22.1.jar:/home/runner/.m2/repository/org/springframework/security/spring-security-crypto/6.4.2/spring-security-crypto-6.4.2.jar:/home/runner/.m2/repository/com/mysql/mysql-connector-j/9.1.0/mysql-connector-j-9.1.0.jar:/home/runner/.m2/repository/com/h2database/h2/2.3.232/h2-2.3.232.jar:/home/runner/work/Votify/Votify/votify-api/target/votify-api-0.0.1-SNAPSHOT.jar:/home/runner/.m2/repository/org/springframework/boot/spring-boot-starter-web/3.4.2/spring-boot-starter-web-3.4.2.jar:/home/runner/.m2/repository/org/springframework/boot/spring-boot-starter-json/3.4.2/spring-boot-starter-json-3.4.2.jar:/home/runner/.m2/repository/com/fasterxml/jackson/core/jackson-databind/2.18.2/jackson-databind-2.18.2.jar:/home/runner/.m2/repository/com/fasterxml/jackson/core/jackson-annotations/2.18.2/jackson-annotations-2.18.2.jar:/home/runner/.m2/repository/com/fasterxml/jackson/core/jackson-core/2.18.2/jackson-core-2.18.2.jar:/home/runner/.m2/repository/com/fasterxml/jackson/datatype/jackson-datatype-jdk8/2.18.2/jackson-datatype-jdk8-2.18.2.jar:/home/runner/.m2/repository/com/fasterxml/jackson/datatype/jackson-datatype-jsr310/2.18.2/jackson-datatype-jsr310-2.18.2.jar:/home/runner/.m2/repository/com/fasterxml/jackson/module/jackson-module-parameter-names/2.18.2/jackson-module-parameter-names-2.18.2.jar:/home/runner/.m2/repository/org/springframework/boot/spring-boot-starter-tomcat/3.4.2/spring-boot-starter-tomcat-3.4.2.jar:/home/runner/.m2/repository/org/apache/tomcat/embed/tomcat-embed-core/10.1.34/tomcat-embed-core-10.1.34.jar:/home/runner/.m2/repository/org/apache/tomcat/embed/tomcat-embed-el/10.1.34/tomcat-embed-el-10.1.34.jar:/home/runner/.m2/repository/org/apache/tomcat/embed/tomcat-embed-websocket/10.1.34/tomcat-embed-websocket-10.1.34.jar:/home/runner/.m2/repository/org/springframework/spring-web/6.2.2/spring-web-6.2.2.jar:/home/runner/.m2/repository/io/micrometer/micrometer-observation/1.14.3/micrometer-observation-1.14.3.jar:/home/runner/.m2/repository/io/micrometer/micrometer-commons/1.14.3/micrometer-commons-1.14.3.jar:/home/runner/.m2/repository/org/springframework/spring-webmvc/6.2.2/spring-webmvc-6.2.2.jar:/home/runner/.m2/repository/org/springframework/spring-expression/6.2.2/spring-expression-6.2.2.jar:/home/runner/.m2/repository/org/springframework/boot/spring-boot-starter-test/3.4.2/spring-boot-starter-test-3.4.2.jar:/home/runner/.m2/repository/org/springframework/boot/spring-boot-starter/3.4.2/spring-boot-starter-3.4.2.jar:/home/runner/.m2/repository/org/springframework/boot/spring-boot/3.4.2/spring-boot-3.4.2.jar:/home/runner/.m2/repository/org/springframework/boot/spring-boot-autoconfigure/3.4.2/spring-boot-autoconfigure-3.4.2.jar:/home/runner/.m2/repository/org/springframework/boot/spring-boot-starter-logging/3.4.2/spring-boot-starter-logging-3.4.2.jar:/home/runner/.m2/repository/ch/qos/logback/logback-classic/1.5.16/logback-classic-1.5.16.jar:/home/runner/.m2/repository/ch/qos/logback/logback-core/1.5.16/logback-core-1.5.16.jar:/home/runner/.m2/repository/org/apache/logging/log4j/log4j-to-slf4j/2.24.3/log4j-to-slf4j-2.24.3.jar:/home/runner/.m2/repository/org/apache/logging/log4j/log4j-api/2.24.3/log4j-api-2.24.3.jar:/home/runner/.m2/repository/org/slf4j/jul-to-slf4j/2.0.16/jul-to-slf4j-2.0.16.jar:/home/runner/.m2/repository/jakarta/annotation/jakarta.annotation-api/2.1.1/jakarta.annotation-api-2.1.1.jar:/home/runner/.m2/repository/org/yaml/snakeyaml/2.3/snakeyaml-2.3.jar:/home/runner/.m2/repository/org/springframework/boot/spring-boot-test/3.4.2/spring-boot-test-3.4.2.jar:/home/runner/.m2/repository/org/springframework/boot/spring-boot-test-autoconfigure/3.4.2/spring-boot-test-autoconfigure-3.4.2.jar:/home/runner/.m2/repository/com/jayway/jsonpath/json-path/2.9.0/json-path-2.9.0.jar:/home/runner/.m2/repository/org/slf4j/slf4j-api/2.0.16/slf4j-api-2.0.16.jar:/home/runner/.m2/repository/jakarta/xml/bind/jakarta.xml.bind-api/4.0.2/jakarta.xml.bind-api-4.0.2.jar:/home/runner/.m2/repository/jakarta/activation/jakarta.activation-api/2.1.3/jakarta.activation-api-2.1.3.jar:/home/runner/.m2/repository/net/minidev/json-smart/2.5.1/json-smart-2.5.1.jar:/home/runner/.m2/repository/net/minidev/accessors-smart/2.5.1/accessors-smart-2.5.1.jar:/home/runner/.m2/repository/org/ow2/asm/asm/9.6/asm-9.6.jar:/home/runner/.m2/repository/org/assertj/assertj-core/3.26.3/assertj-core-3.26.3.jar:/home/runner/.m2/repository/org/awaitility/awaitility/4.2.2/awaitility-4.2.2.jar:/home/runner/.m2/repository/org/hamcrest/hamcrest/2.2/hamcrest-2.2.jar:/home/runner/.m2/repository/org/mockito/mockito-junit-jupiter/5.14.2/mockito-junit-jupiter-5.14.2.jar:/home/runner/.m2/repository/org/skyscreamer/jsonassert/1.5.3/jsonassert-1.5.3.jar:/home/runner/.m2/repository/com/vaadin/external/google/android-json/0.0.20131108.vaadin1/android-json-0.0.20131108.vaadin1.jar:/home/runner/.m2/repository/org/springframework/spring-core/6.2.2/spring-core-6.2.2.jar:/home/runner/.m2/repository/org/springframework/spring-jcl/6.2.2/spring-jcl-6.2.2.jar:/home/runner/.m2/repository/org/springframework/spring-test/6.2.2/spring-test-6.2.2.jar:/home/runner/.m2/repository/org/xmlunit/xmlunit-core/2.10.0/xmlunit-core-2.10.0.jar:/home/runner/.m2/repository/org/junit/jupiter/junit-jupiter/5.12.0/junit-jupiter-5.12.0.jar:/home/runner/.m2/repository/org/junit/jupiter/junit-jupiter-api/5.11.4/junit-jupiter-api-5.11.4.jar:/home/runner/.m2/repository/org/opentest4j/opentest4j/1.3.0/opentest4j-1.3.0.jar:/home/runner/.m2/repository/org/junit/platform/junit-platform-commons/1.11.4/junit-platform-commons-1.11.4.jar:/home/runner/.m2/repository/org/junit/jupiter/junit-jupiter-params/5.11.4/junit-jupiter-params-5.11.4.jar:/home/runner/.m2/repository/org/junit/jupiter/junit-jupiter-engine/5.11.4/junit-jupiter-engine-5.11.4.jar:/home/runner/.m2/repository/org/junit/platform/junit-platform-engine/1.11.4/junit-platform-engine-1.11.4.jar:/home/runner/.m2/repository/net/jqwik/jqwik/1.9.2/jqwik-1.9.2.jar:/home/runner/.m2/repository/org/apiguardian/apiguardian-api/1.1.2/apiguardian-api-1.1.2.jar:/home/runner/.m2/repository/net/jqwik/jqwik-api/1.9.2/jqwik-api-1.9.2.jar:/home/runner/.m2/repository/net/jqwik/jqwik-web/1.9.2/jqwik-web-1.9.2.jar:/home/runner/.m2/repository/net/jqwik/jqwik-time/1.9.2/jqwik-time-1.9.2.jar:/home/runner/.m2/repository/net/jqwik/jqwik-engine/1.9.2/jqwik-engine-1.9.2.jar:/home/runner/.m2/repository/org/mockito/mockito-core/5.12.0/mockito-core-5.12.0.jar:/home/runner/.m2/repository/net/bytebuddy/byte-buddy/1.15.11/byte-buddy-1.15.11.jar:/home/runner/.m2/repository/net/bytebuddy/byte-buddy-agent/1.15.11/byte-buddy-agent-1.15.11.jar:/home/runner/.m2/repository/org/objenesis/objenesis/3.3/objenesis-3.3.jar:/home/runner/.m2/repository/org/projectlombok/lombok/1.18.36/lombok-1.18.36.jar:"/>
    <property name="java.vm.vendor" value="Eclipse Adoptium"/>
    <property name="sun.arch.data.model" value="64"/>
    <property name="catalina.useNaming" value="false"/>
    <property name="java.vendor.url" value="https://adoptium.net/"/>
    <property name="user.timezone" value="Etc/UTC"/>
    <property name="org.jboss.logging.provider" value="slf4j"/>
    <property name="os.name" value="Linux"/>
    <property name="java.vm.specification.version" value="17"/>
    <property name="sun.java.launcher" value="SUN_STANDARD"/>
    <property name="sun.boot.library.path" value="/opt/hostedtoolcache/Java_Adopt_jdk/17.0.14-7/x64/lib"/>
    <property name="sun.java.command" value="/home/runner/work/Votify/Votify/votify-test/target/surefire/surefirebooter-20250226023421325_3.jar /home/runner/work/Votify/Votify/votify-test/target/surefire 2025-02-26T02-34-18_557-jvmRun1 surefire-20250226023421325_1tmp surefire_0-20250226023421325_2tmp"/>
    <property name="jdk.debug" value="release"/>
    <property name="surefire.test.class.path" value="/home/runner/work/Votify/Votify/votify-test/target/test-classes:/home/runner/work/Votify/Votify/votify-test/target/classes:/home/runner/work/Votify/Votify/votify-core/target/votify-core-0.0.1-SNAPSHOT.jar:/home/runner/.m2/repository/org/springframework/boot/spring-boot-starter-data-jpa/3.4.2/spring-boot-starter-data-jpa-3.4.2.jar:/home/runner/.m2/repository/org/springframework/boot/spring-boot-starter-jdbc/3.4.2/spring-boot-starter-jdbc-3.4.2.jar:/home/runner/.m2/repository/com/zaxxer/HikariCP/5.1.0/HikariCP-5.1.0.jar:/home/runner/.m2/repository/org/springframework/spring-jdbc/6.2.2/spring-jdbc-6.2.2.jar:/home/runner/.m2/repository/org/hibernate/orm/hibernate-core/6.6.5.Final/hibernate-core-6.6.5.Final.jar:/home/runner/.m2/repository/jakarta/persistence/jakarta.persistence-api/3.1.0/jakarta.persistence-api-3.1.0.jar:/home/runner/.m2/repository/jakarta/transaction/jakarta.transaction-api/2.0.1/jakarta.transaction-api-2.0.1.jar:/home/runner/.m2/repository/org/jboss/logging/jboss-logging/3.6.1.Final/jboss-logging-3.6.1.Final.jar:/home/runner/.m2/repository/org/hibernate/common/hibernate-commons-annotations/7.0.3.Final/hibernate-commons-annotations-7.0.3.Final.jar:/home/runner/.m2/repository/io/smallrye/jandex/3.2.0/jandex-3.2.0.jar:/home/runner/.m2/repository/com/fasterxml/classmate/1.7.0/classmate-1.7.0.jar:/home/runner/.m2/repository/org/glassfish/jaxb/jaxb-runtime/4.0.5/jaxb-runtime-4.0.5.jar:/home/runner/.m2/repository/org/glassfish/jaxb/jaxb-core/4.0.5/jaxb-core-4.0.5.jar:/home/runner/.m2/repository/org/eclipse/angus/angus-activation/2.0.2/angus-activation-2.0.2.jar:/home/runner/.m2/repository/org/glassfish/jaxb/txw2/4.0.5/txw2-4.0.5.jar:/home/runner/.m2/repository/com/sun/istack/istack-commons-runtime/4.1.2/istack-commons-runtime-4.1.2.jar:/home/runner/.m2/repository/jakarta/inject/jakarta.inject-api/2.0.1/jakarta.inject-api-2.0.1.jar:/home/runner/.m2/repository/org/antlr/antlr4-runtime/4.13.0/antlr4-runtime-4.13.0.jar:/home/runner/.m2/repository/org/springframework/data/spring-data-jpa/3.4.2/spring-data-jpa-3.4.2.jar:/home/runner/.m2/repository/org/springframework/data/spring-data-commons/3.4.2/spring-data-commons-3.4.2.jar:/home/runner/.m2/repository/org/springframework/spring-orm/6.2.2/spring-orm-6.2.2.jar:/home/runner/.m2/repository/org/springframework/spring-context/6.2.2/spring-context-6.2.2.jar:/home/runner/.m2/repository/org/springframework/spring-aop/6.2.2/spring-aop-6.2.2.jar:/home/runner/.m2/repository/org/springframework/spring-tx/6.2.2/spring-tx-6.2.2.jar:/home/runner/.m2/repository/org/springframework/spring-beans/6.2.2/spring-beans-6.2.2.jar:/home/runner/.m2/repository/org/springframework/spring-aspects/6.2.2/spring-aspects-6.2.2.jar:/home/runner/.m2/repository/org/aspectj/aspectjweaver/1.9.22.1/aspectjweaver-1.9.22.1.jar:/home/runner/.m2/repository/org/springframework/security/spring-security-crypto/6.4.2/spring-security-crypto-6.4.2.jar:/home/runner/.m2/repository/com/mysql/mysql-connector-j/9.1.0/mysql-connector-j-9.1.0.jar:/home/runner/.m2/repository/com/h2database/h2/2.3.232/h2-2.3.232.jar:/home/runner/work/Votify/Votify/votify-api/target/votify-api-0.0.1-SNAPSHOT.jar:/home/runner/.m2/repository/org/springframework/boot/spring-boot-starter-web/3.4.2/spring-boot-starter-web-3.4.2.jar:/home/runner/.m2/repository/org/springframework/boot/spring-boot-starter-json/3.4.2/spring-boot-starter-json-3.4.2.jar:/home/runner/.m2/repository/com/fasterxml/jackson/core/jackson-databind/2.18.2/jackson-databind-2.18.2.jar:/home/runner/.m2/repository/com/fasterxml/jackson/core/jackson-annotations/2.18.2/jackson-annotations-2.18.2.jar:/home/runner/.m2/repository/com/fasterxml/jackson/core/jackson-core/2.18.2/jackson-core-2.18.2.jar:/home/runner/.m2/repository/com/fasterxml/jackson/datatype/jackson-datatype-jdk8/2.18.2/jackson-datatype-jdk8-2.18.2.jar:/home/runner/.m2/repository/com/fasterxml/jackson/datatype/jackson-datatype-jsr310/2.18.2/jackson-datatype-jsr310-2.18.2.jar:/home/runner/.m2/repository/com/fasterxml/jackson/module/jackson-module-parameter-names/2.18.2/jackson-module-parameter-names-2.18.2.jar:/home/runner/.m2/repository/org/springframework/boot/spring-boot-starter-tomcat/3.4.2/spring-boot-starter-tomcat-3.4.2.jar:/home/runner/.m2/repository/org/apache/tomcat/embed/tomcat-embed-core/10.1.34/tomcat-embed-core-10.1.34.jar:/home/runner/.m2/repository/org/apache/tomcat/embed/tomcat-embed-el/10.1.34/tomcat-embed-el-10.1.34.jar:/home/runner/.m2/repository/org/apache/tomcat/embed/tomcat-embed-websocket/10.1.34/tomcat-embed-websocket-10.1.34.jar:/home/runner/.m2/repository/org/springframework/spring-web/6.2.2/spring-web-6.2.2.jar:/home/runner/.m2/repository/io/micrometer/micrometer-observation/1.14.3/micrometer-observation-1.14.3.jar:/home/runner/.m2/repository/io/micrometer/micrometer-commons/1.14.3/micrometer-commons-1.14.3.jar:/home/runner/.m2/repository/org/springframework/spring-webmvc/6.2.2/spring-webmvc-6.2.2.jar:/home/runner/.m2/repository/org/springframework/spring-expression/6.2.2/spring-expression-6.2.2.jar:/home/runner/.m2/repository/org/springframework/boot/spring-boot-starter-test/3.4.2/spring-boot-starter-test-3.4.2.jar:/home/runner/.m2/repository/org/springframework/boot/spring-boot-starter/3.4.2/spring-boot-starter-3.4.2.jar:/home/runner/.m2/repository/org/springframework/boot/spring-boot/3.4.2/spring-boot-3.4.2.jar:/home/runner/.m2/repository/org/springframework/boot/spring-boot-autoconfigure/3.4.2/spring-boot-autoconfigure-3.4.2.jar:/home/runner/.m2/repository/org/springframework/boot/spring-boot-starter-logging/3.4.2/spring-boot-starter-logging-3.4.2.jar:/home/runner/.m2/repository/ch/qos/logback/logback-classic/1.5.16/logback-classic-1.5.16.jar:/home/runner/.m2/repository/ch/qos/logback/logback-core/1.5.16/logback-core-1.5.16.jar:/home/runner/.m2/repository/org/apache/logging/log4j/log4j-to-slf4j/2.24.3/log4j-to-slf4j-2.24.3.jar:/home/runner/.m2/repository/org/apache/logging/log4j/log4j-api/2.24.3/log4j-api-2.24.3.jar:/home/runner/.m2/repository/org/slf4j/jul-to-slf4j/2.0.16/jul-to-slf4j-2.0.16.jar:/home/runner/.m2/repository/jakarta/annotation/jakarta.annotation-api/2.1.1/jakarta.annotation-api-2.1.1.jar:/home/runner/.m2/repository/org/yaml/snakeyaml/2.3/snakeyaml-2.3.jar:/home/runner/.m2/repository/org/springframework/boot/spring-boot-test/3.4.2/spring-boot-test-3.4.2.jar:/home/runner/.m2/repository/org/springframework/boot/spring-boot-test-autoconfigure/3.4.2/spring-boot-test-autoconfigure-3.4.2.jar:/home/runner/.m2/repository/com/jayway/jsonpath/json-path/2.9.0/json-path-2.9.0.jar:/home/runner/.m2/repository/org/slf4j/slf4j-api/2.0.16/slf4j-api-2.0.16.jar:/home/runner/.m2/repository/jakarta/xml/bind/jakarta.xml.bind-api/4.0.2/jakarta.xml.bind-api-4.0.2.jar:/home/runner/.m2/repository/jakarta/activation/jakarta.activation-api/2.1.3/jakarta.activation-api-2.1.3.jar:/home/runner/.m2/repository/net/minidev/json-smart/2.5.1/json-smart-2.5.1.jar:/home/runner/.m2/repository/net/minidev/accessors-smart/2.5.1/accessors-smart-2.5.1.jar:/home/runner/.m2/repository/org/ow2/asm/asm/9.6/asm-9.6.jar:/home/runner/.m2/repository/org/assertj/assertj-core/3.26.3/assertj-core-3.26.3.jar:/home/runner/.m2/repository/org/awaitility/awaitility/4.2.2/awaitility-4.2.2.jar:/home/runner/.m2/repository/org/hamcrest/hamcrest/2.2/hamcrest-2.2.jar:/home/runner/.m2/repository/org/mockito/mockito-junit-jupiter/5.14.2/mockito-junit-jupiter-5.14.2.jar:/home/runner/.m2/repository/org/skyscreamer/jsonassert/1.5.3/jsonassert-1.5.3.jar:/home/runner/.m2/repository/com/vaadin/external/google/android-json/0.0.20131108.vaadin1/android-json-0.0.20131108.vaadin1.jar:/home/runner/.m2/repository/org/springframework/spring-core/6.2.2/spring-core-6.2.2.jar:/home/runner/.m2/repository/org/springframework/spring-jcl/6.2.2/spring-jcl-6.2.2.jar:/home/runner/.m2/repository/org/springframework/spring-test/6.2.2/spring-test-6.2.2.jar:/home/runner/.m2/repository/org/xmlunit/xmlunit-core/2.10.0/xmlunit-core-2.10.0.jar:/home/runner/.m2/repository/org/junit/jupiter/junit-jupiter/5.12.0/junit-jupiter-5.12.0.jar:/home/runner/.m2/repository/org/junit/jupiter/junit-jupiter-api/5.11.4/junit-jupiter-api-5.11.4.jar:/home/runner/.m2/repository/org/opentest4j/opentest4j/1.3.0/opentest4j-1.3.0.jar:/home/runner/.m2/repository/org/junit/platform/junit-platform-commons/1.11.4/junit-platform-commons-1.11.4.jar:/home/runner/.m2/repository/org/junit/jupiter/junit-jupiter-params/5.11.4/junit-jupiter-params-5.11.4.jar:/home/runner/.m2/repository/org/junit/jupiter/junit-jupiter-engine/5.11.4/junit-jupiter-engine-5.11.4.jar:/home/runner/.m2/repository/org/junit/platform/junit-platform-engine/1.11.4/junit-platform-engine-1.11.4.jar:/home/runner/.m2/repository/net/jqwik/jqwik/1.9.2/jqwik-1.9.2.jar:/home/runner/.m2/repository/org/apiguardian/apiguardian-api/1.1.2/apiguardian-api-1.1.2.jar:/home/runner/.m2/repository/net/jqwik/jqwik-api/1.9.2/jqwik-api-1.9.2.jar:/home/runner/.m2/repository/net/jqwik/jqwik-web/1.9.2/jqwik-web-1.9.2.jar:/home/runner/.m2/repository/net/jqwik/jqwik-time/1.9.2/jqwik-time-1.9.2.jar:/home/runner/.m2/repository/net/jqwik/jqwik-engine/1.9.2/jqwik-engine-1.9.2.jar:/home/runner/.m2/repository/org/mockito/mockito-core/5.12.0/mockito-core-5.12.0.jar:/home/runner/.m2/repository/net/bytebuddy/byte-buddy/1.15.11/byte-buddy-1.15.11.jar:/home/runner/.m2/repository/net/bytebuddy/byte-buddy-agent/1.15.11/byte-buddy-agent-1.15.11.jar:/home/runner/.m2/repository/org/objenesis/objenesis/3.3/objenesis-3.3.jar:/home/runner/.m2/repository/org/projectlombok/lombok/1.18.36/lombok-1.18.36.jar:"/>
    <property name="sun.cpu.endian" value="little"/>
    <property name="user.home" value="/home/runner"/>
    <property name="user.language" value="en"/>
    <property name="java.specification.vendor" value="Oracle Corporation"/>
    <property name="java.version.date" value="2025-01-21"/>
    <property name="java.home" value="/opt/hostedtoolcache/Java_Adopt_jdk/17.0.14-7/x64"/>
    <property name="file.separator" value="/"/>
    <property name="basedir" value="/home/runner/work/Votify/Votify/votify-test"/>
    <property name="java.vm.compressedOopsMode" value="Zero based"/>
    <property name="line.separator" value="&#10;"/>
    <property name="java.vm.specification.vendor" value="Oracle Corporation"/>
    <property name="java.specification.name" value="Java Platform API Specification"/>
    <property name="FILE_LOG_CHARSET" value="UTF-8"/>
    <property name="java.awt.headless" value="true"/>
    <property name="surefire.real.class.path" value="/home/runner/work/Votify/Votify/votify-test/target/surefire/surefirebooter-20250226023421325_3.jar"/>
    <property name="sun.management.compiler" value="HotSpot 64-Bit Tiered Compilers"/>
    <property name="java.runtime.version" value="17.0.14+7"/>
    <property name="user.name" value="runner"/>
    <property name="path.separator" value=":"/>
    <property name="os.version" value="6.8.0-1021-azure"/>
    <property name="java.runtime.name" value="OpenJDK Runtime Environment"/>
    <property name="file.encoding" value="UTF-8"/>
    <property name="java.vm.name" value="OpenJDK 64-Bit Server VM"/>
    <property name="java.vendor.version" value="Temurin-17.0.14+7"/>
    <property name="localRepository" value="/home/runner/.m2/repository"/>
    <property name="java.vendor.url.bug" value="https://github.com/adoptium/adoptium-support/issues"/>
    <property name="java.io.tmpdir" value="/tmp"/>
    <property name="catalina.home" value="/tmp/tomcat.0.1732783291360012627"/>
    <property name="com.zaxxer.hikari.pool_number" value="2"/>
    <property name="java.version" value="17.0.14"/>
    <property name="user.dir" value="/home/runner/work/Votify/Votify/votify-test"/>
    <property name="os.arch" value="amd64"/>
    <property name="java.vm.specification.name" value="Java Virtual Machine Specification"/>
    <property name="PID" value="2167"/>
    <property name="CONSOLE_LOG_CHARSET" value="UTF-8"/>
    <property name="catalina.base" value="/tmp/tomcat.0.14230099106748019429"/>
    <property name="native.encoding" value="UTF-8"/>
    <property name="java.library.path" value="/usr/java/packages/lib:/usr/lib64:/lib64:/lib:/usr/lib"/>
    <property name="java.vm.info" value="mixed mode, sharing"/>
    <property name="java.vendor" value="Eclipse Adoptium"/>
    <property name="java.vm.version" value="17.0.14+7"/>
    <property name="java.specification.maintenance.version" value="1"/>
    <property name="sun.io.unicode.encoding" value="UnicodeLittle"/>
    <property name="java.class.version" value="61.0"/>
  </properties>
  <testcase name="testNullPassword" classname="br.com.votify.core.domain.entities.users.UserValidatorTest" time="0.001"/>
  <testcase name="testNullName" classname="br.com.votify.core.domain.entities.users.UserValidatorTest" time="0.001"/>
  <testcase name="testEmptyName" classname="br.com.votify.core.domain.entities.users.UserValidatorTest" time="0.004"/>
  <testcase name="testValidUser" classname="br.com.votify.core.domain.entities.users.UserValidatorTest" time="0.001"/>
  <testcase name="testNullUserName" classname="br.com.votify.core.domain.entities.users.UserValidatorTest" time="0.001"/>
  <testcase name="testNullEmail" classname="br.com.votify.core.domain.entities.users.UserValidatorTest" time="0.002"/>
  <testcase name="testInvalidUserNames" classname="br.com.votify.core.domain.entities.users.UserValidatorTest" time="0.156">
    <system-out><![CDATA[timestamp = 2025-02-26T02:34:32.908830615, UserValidatorTest:testInvalidUserNames = 
                              |-----------------------jqwik-----------------------
tries = 1000                  | # of calls to property
checks = 1000                 | # of not rejected calls
generation = RANDOMIZED       | parameters are randomly generated
after-failure = SAMPLE_FIRST  | try previously failed sample, then previous seed
when-fixed-seed = ALLOW       | fixing the random seed is allowed
edge-cases#mode = MIXIN       | edge cases are mixed in
edge-cases#total = 1          | # of all combined edge cases
edge-cases#tried = 1          | # of edge cases tried in current run
seed = -5946800063456438733   | random seed to reproduce generated values


]]></system-out>
  </testcase>
  <testcase name="testEmailsWithInvalidLength" classname="br.com.votify.core.domain.entities.users.UserValidatorTest" time="0.215">
    <system-out><![CDATA[timestamp = 2025-02-26T02:34:33.125397927, UserValidatorTest:testEmailsWithInvalidLength = 
                              |-----------------------jqwik-----------------------
tries = 1000                  | # of calls to property
checks = 1000                 | # of not rejected calls
generation = RANDOMIZED       | parameters are randomly generated
after-failure = SAMPLE_FIRST  | try previously failed sample, then previous seed
when-fixed-seed = ALLOW       | fixing the random seed is allowed
edge-cases#mode = MIXIN       | edge cases are mixed in
edge-cases#total = 4          | # of all combined edge cases
edge-cases#tried = 4          | # of edge cases tried in current run
seed = -4040806783563752826   | random seed to reproduce generated values


]]></system-out>
  </testcase>
  <testcase name="testPasswordsWithInvalidBytes" classname="br.com.votify.core.domain.entities.users.UserValidatorTest" time="0.148">
    <system-out><![CDATA[timestamp = 2025-02-26T02:34:33.274240788, UserValidatorTest:testPasswordsWithInvalidBytes = 
                              |-----------------------jqwik-----------------------
tries = 1000                  | # of calls to property
checks = 1000                 | # of not rejected calls
generation = RANDOMIZED       | parameters are randomly generated
after-failure = SAMPLE_FIRST  | try previously failed sample, then previous seed
when-fixed-seed = ALLOW       | fixing the random seed is allowed
edge-cases#mode = MIXIN       | edge cases are mixed in
edge-cases#total = 0          | # of all combined edge cases
edge-cases#tried = 0          | # of edge cases tried in current run
seed = 704629023734276009     | random seed to reproduce generated values


]]></system-out>
  </testcase>
  <testcase name="testUserNamesWithInvalidCharacter" classname="br.com.votify.core.domain.entities.users.UserValidatorTest" time="0.049">
    <system-out><![CDATA[timestamp = 2025-02-26T02:34:33.323982172, UserValidatorTest:testUserNamesWithInvalidCharacter = 
                              |-----------------------jqwik-----------------------
tries = 1000                  | # of calls to property
checks = 1000                 | # of not rejected calls
generation = RANDOMIZED       | parameters are randomly generated
after-failure = SAMPLE_FIRST  | try previously failed sample, then previous seed
when-fixed-seed = ALLOW       | fixing the random seed is allowed
edge-cases#mode = MIXIN       | edge cases are mixed in
edge-cases#total = 2          | # of all combined edge cases
edge-cases#tried = 2          | # of edge cases tried in current run
seed = 8203616324114320633    | random seed to reproduce generated values


]]></system-out>
  </testcase>
  <testcase name="testValidNames" classname="br.com.votify.core.domain.entities.users.UserValidatorTest" time="0.038">
    <system-out><![CDATA[timestamp = 2025-02-26T02:34:33.363262939, UserValidatorTest:testValidNames = 
                              |-----------------------jqwik-----------------------
tries = 1000                  | # of calls to property
checks = 1000                 | # of not rejected calls
generation = RANDOMIZED       | parameters are randomly generated
after-failure = SAMPLE_FIRST  | try previously failed sample, then previous seed
when-fixed-seed = ALLOW       | fixing the random seed is allowed
edge-cases#mode = MIXIN       | edge cases are mixed in
edge-cases#total = 0          | # of all combined edge cases
edge-cases#tried = 0          | # of edge cases tried in current run
seed = 7859669263750664114    | random seed to reproduce generated values


]]></system-out>
  </testcase>
  <testcase name="testNamesWithInvalidLength" classname="br.com.votify.core.domain.entities.users.UserValidatorTest" time="0.084">
    <system-out><![CDATA[timestamp = 2025-02-26T02:34:33.448222276, UserValidatorTest:testNamesWithInvalidLength = 
                              |-----------------------jqwik-----------------------
tries = 1000                  | # of calls to property
checks = 1000                 | # of not rejected calls
generation = RANDOMIZED       | parameters are randomly generated
after-failure = SAMPLE_FIRST  | try previously failed sample, then previous seed
when-fixed-seed = ALLOW       | fixing the random seed is allowed
edge-cases#mode = MIXIN       | edge cases are mixed in
edge-cases#total = 0          | # of all combined edge cases
edge-cases#tried = 0          | # of edge cases tried in current run
seed = -687284471215409339    | random seed to reproduce generated values


]]></system-out>
  </testcase>
  <testcase name="testPasswordsWithInvalidLength" classname="br.com.votify.core.domain.entities.users.UserValidatorTest" time="0.066">
    <system-out><![CDATA[timestamp = 2025-02-26T02:34:33.514791341, UserValidatorTest:testPasswordsWithInvalidLength = 
                              |-----------------------jqwik-----------------------
tries = 1000                  | # of calls to property
checks = 1000                 | # of not rejected calls
generation = RANDOMIZED       | parameters are randomly generated
after-failure = SAMPLE_FIRST  | try previously failed sample, then previous seed
when-fixed-seed = ALLOW       | fixing the random seed is allowed
edge-cases#mode = MIXIN       | edge cases are mixed in
edge-cases#total = 2          | # of all combined edge cases
edge-cases#tried = 2          | # of edge cases tried in current run
seed = 4138934700549715825    | random seed to reproduce generated values


]]></system-out>
  </testcase>
  <testcase name="testPasswordsWithInvalidCharacter" classname="br.com.votify.core.domain.entities.users.UserValidatorTest" time="1.152">
    <system-out><![CDATA[timestamp = 2025-02-26T02:34:34.666868328, UserValidatorTest:testPasswordsWithInvalidCharacter = 
                              |-----------------------jqwik-----------------------
tries = 1000                  | # of calls to property
checks = 1000                 | # of not rejected calls
generation = RANDOMIZED       | parameters are randomly generated
after-failure = SAMPLE_FIRST  | try previously failed sample, then previous seed
when-fixed-seed = ALLOW       | fixing the random seed is allowed
edge-cases#mode = MIXIN       | edge cases are mixed in
edge-cases#total = 1          | # of all combined edge cases
edge-cases#tried = 1          | # of edge cases tried in current run
seed = -7445346549928806109   | random seed to reproduce generated values


]]></system-out>
  </testcase>
  <testcase name="testValidPasswords" classname="br.com.votify.core.domain.entities.users.UserValidatorTest" time="0.044">
    <system-out><![CDATA[timestamp = 2025-02-26T02:34:34.711217211, UserValidatorTest:testValidPasswords = 
                              |-----------------------jqwik-----------------------
tries = 1000                  | # of calls to property
checks = 1000                 | # of not rejected calls
generation = RANDOMIZED       | parameters are randomly generated
after-failure = SAMPLE_FIRST  | try previously failed sample, then previous seed
when-fixed-seed = ALLOW       | fixing the random seed is allowed
edge-cases#mode = MIXIN       | edge cases are mixed in
edge-cases#total = 1          | # of all combined edge cases
edge-cases#tried = 1          | # of edge cases tried in current run
seed = -2764318058267776895   | random seed to reproduce generated values


]]></system-out>
  </testcase>
  <testcase name="testUserNamesWithInvalidLength" classname="br.com.votify.core.domain.entities.users.UserValidatorTest" time="0.055">
    <system-out><![CDATA[timestamp = 2025-02-26T02:34:34.766962684, UserValidatorTest:testUserNamesWithInvalidLength = 
                              |-----------------------jqwik-----------------------
tries = 1000                  | # of calls to property
checks = 1000                 | # of not rejected calls
generation = RANDOMIZED       | parameters are randomly generated
after-failure = SAMPLE_FIRST  | try previously failed sample, then previous seed
when-fixed-seed = ALLOW       | fixing the random seed is allowed
edge-cases#mode = MIXIN       | edge cases are mixed in
edge-cases#total = 2          | # of all combined edge cases
edge-cases#tried = 2          | # of edge cases tried in current run
seed = 2956164945416099905    | random seed to reproduce generated values


]]></system-out>
  </testcase>
  <testcase name="testValidEmails" classname="br.com.votify.core.domain.entities.users.UserValidatorTest" time="0.032">
    <system-out><![CDATA[timestamp = 2025-02-26T02:34:34.799950805, UserValidatorTest:testValidEmails = 
                              |-----------------------jqwik-----------------------
tries = 1000                  | # of calls to property
checks = 1000                 | # of not rejected calls
generation = RANDOMIZED       | parameters are randomly generated
after-failure = SAMPLE_FIRST  | try previously failed sample, then previous seed
when-fixed-seed = ALLOW       | fixing the random seed is allowed
edge-cases#mode = MIXIN       | edge cases are mixed in
edge-cases#total = 8          | # of all combined edge cases
edge-cases#tried = 8          | # of edge cases tried in current run
seed = 5149171086694258854    | random seed to reproduce generated values


]]></system-out>
  </testcase>
  <testcase name="testInvalidEmail" classname="br.com.votify.core.domain.entities.users.UserValidatorTest" time="0.059">
    <system-out><![CDATA[timestamp = 2025-02-26T02:34:34.859139619, UserValidatorTest:testInvalidEmail = 
                              |-----------------------jqwik-----------------------
tries = 1000                  | # of calls to property
checks = 1000                 | # of not rejected calls
generation = RANDOMIZED       | parameters are randomly generated
after-failure = SAMPLE_FIRST  | try previously failed sample, then previous seed
when-fixed-seed = ALLOW       | fixing the random seed is allowed
edge-cases#mode = MIXIN       | edge cases are mixed in
edge-cases#total = 6          | # of all combined edge cases
edge-cases#tried = 6          | # of edge cases tried in current run
seed = 6411638778315396872    | random seed to reproduce generated values


]]></system-out>
  </testcase>
  <testcase name="testInvalidNames" classname="br.com.votify.core.domain.entities.users.UserValidatorTest" time="0.004">
    <system-out><![CDATA[timestamp = 2025-02-26T02:34:34.864323741, UserValidatorTest:testInvalidNames = 
                              |-----------------------jqwik-----------------------
tries = 9                     | # of calls to property
checks = 9                    | # of not rejected calls
generation = EXHAUSTIVE       | parameters are exhaustively generated
after-failure = SAMPLE_FIRST  | try previously failed sample, then previous seed
when-fixed-seed = ALLOW       | fixing the random seed is allowed
edge-cases#mode = MIXIN       | edge cases are mixed in
edge-cases#total = 0          | # of all combined edge cases
edge-cases#tried = 0          | # of edge cases tried in current run
seed = 7167070884674410472    | random seed to reproduce generated values


]]></system-out>
  </testcase>
  <testcase name="testValidUserNames" classname="br.com.votify.core.domain.entities.users.UserValidatorTest" time="0.015">
    <system-out><![CDATA[timestamp = 2025-02-26T02:34:34.879878903, UserValidatorTest:testValidUserNames = 
                              |-----------------------jqwik-----------------------
tries = 1000                  | # of calls to property
checks = 1000                 | # of not rejected calls
generation = RANDOMIZED       | parameters are randomly generated
after-failure = SAMPLE_FIRST  | try previously failed sample, then previous seed
when-fixed-seed = ALLOW       | fixing the random seed is allowed
edge-cases#mode = MIXIN       | edge cases are mixed in
edge-cases#total = 1          | # of all combined edge cases
edge-cases#tried = 1          | # of edge cases tried in current run
seed = -2888266418054804373   | random seed to reproduce generated values


]]></system-out>
  </testcase>
</testsuite>