<?xml version="1.0" encoding="UTF-8"?>
<testsuite xmlns:xsi="http://www.w3.org/2001/XMLSchema-instance" xsi:noNamespaceSchemaLocation="https://maven.apache.org/surefire/maven-surefire-plugin/xsd/surefire-test-report-3.0.xsd" version="3.0" name="br.com.votify.core.service.UserServiceTest" time="8.085" tests="10" errors="0" skipped="0" failures="0">
  <properties>
    <property name="java.specification.version" value="17"/>
    <property name="sun.jnu.encoding" value="UTF-8"/>
    <property name="java.class.path" value="/home/runner/work/Votify/Votify/votify-test/target/test-classes:/home/runner/work/Votify/Votify/votify-test/target/classes:/home/runner/work/Votify/Votify/votify-core/target/votify-core-0.0.1-SNAPSHOT.jar:/home/runner/.m2/repository/org/springframework/boot/spring-boot-starter-data-jpa/3.4.2/spring-boot-starter-data-jpa-3.4.2.jar:/home/runner/.m2/repository/org/springframework/boot/spring-boot-starter-jdbc/3.4.2/spring-boot-starter-jdbc-3.4.2.jar:/home/runner/.m2/repository/com/zaxxer/HikariCP/5.1.0/HikariCP-5.1.0.jar:/home/runner/.m2/repository/org/springframework/spring-jdbc/6.2.2/spring-jdbc-6.2.2.jar:/home/runner/.m2/repository/org/hibernate/orm/hibernate-core/6.6.5.Final/hibernate-core-6.6.5.Final.jar:/home/runner/.m2/repository/jakarta/persistence/jakarta.persistence-api/3.1.0/jakarta.persistence-api-3.1.0.jar:/home/runner/.m2/repository/jakarta/transaction/jakarta.transaction-api/2.0.1/jakarta.transaction-api-2.0.1.jar:/home/runner/.m2/repository/org/jboss/logging/jboss-logging/3.6.1.Final/jboss-logging-3.6.1.Final.jar:/home/runner/.m2/repository/org/hibernate/common/hibernate-commons-annotations/7.0.3.Final/hibernate-commons-annotations-7.0.3.Final.jar:/home/runner/.m2/repository/io/smallrye/jandex/3.2.0/jandex-3.2.0.jar:/home/runner/.m2/repository/com/fasterxml/classmate/1.7.0/classmate-1.7.0.jar:/home/runner/.m2/repository/org/glassfish/jaxb/jaxb-runtime/4.0.5/jaxb-runtime-4.0.5.jar:/home/runner/.m2/repository/org/glassfish/jaxb/jaxb-core/4.0.5/jaxb-core-4.0.5.jar:/home/runner/.m2/repository/org/eclipse/angus/angus-activation/2.0.2/angus-activation-2.0.2.jar:/home/runner/.m2/repository/org/glassfish/jaxb/txw2/4.0.5/txw2-4.0.5.jar:/home/runner/.m2/repository/com/sun/istack/istack-commons-runtime/4.1.2/istack-commons-runtime-4.1.2.jar:/home/runner/.m2/repository/jakarta/inject/jakarta.inject-api/2.0.1/jakarta.inject-api-2.0.1.jar:/home/runner/.m2/repository/org/antlr/antlr4-runtime/4.13.0/antlr4-runtime-4.13.0.jar:/home/runner/.m2/repository/org/springframework/data/spring-data-jpa/3.4.2/spring-data-jpa-3.4.2.jar:/home/runner/.m2/repository/org/springframework/data/spring-data-commons/3.4.2/spring-data-commons-3.4.2.jar:/home/runner/.m2/repository/org/springframework/spring-orm/6.2.2/spring-orm-6.2.2.jar:/home/runner/.m2/repository/org/springframework/spring-context/6.2.2/spring-context-6.2.2.jar:/home/runner/.m2/repository/org/springframework/spring-aop/6.2.2/spring-aop-6.2.2.jar:/home/runner/.m2/repository/org/springframework/spring-tx/6.2.2/spring-tx-6.2.2.jar:/home/runner/.m2/repository/org/springframework/spring-beans/6.2.2/spring-beans-6.2.2.jar:/home/runner/.m2/repository/org/springframework/spring-aspects/6.2.2/spring-aspects-6.2.2.jar:/home/runner/.m2/repository/org/aspectj/aspectjweaver/1.9.22.1/aspectjweaver-1.9.22.1.jar:/home/runner/.m2/repository/org/springframework/security/spring-security-crypto/6.4.2/spring-security-crypto-6.4.2.jar:/home/runner/.m2/repository/com/mysql/mysql-connector-j/9.1.0/mysql-connector-j-9.1.0.jar:/home/runner/.m2/repository/com/h2database/h2/2.3.232/h2-2.3.232.jar:/home/runner/work/Votify/Votify/votify-api/target/votify-api-0.0.1-SNAPSHOT.jar:/home/runner/.m2/repository/org/springframework/boot/spring-boot-starter-web/3.4.2/spring-boot-starter-web-3.4.2.jar:/home/runner/.m2/repository/org/springframework/boot/spring-boot-starter-json/3.4.2/spring-boot-starter-json-3.4.2.jar:/home/runner/.m2/repository/com/fasterxml/jackson/core/jackson-databind/2.18.2/jackson-databind-2.18.2.jar:/home/runner/.m2/repository/com/fasterxml/jackson/core/jackson-annotations/2.18.2/jackson-annotations-2.18.2.jar:/home/runner/.m2/repository/com/fasterxml/jackson/core/jackson-core/2.18.2/jackson-core-2.18.2.jar:/home/runner/.m2/repository/com/fasterxml/jackson/datatype/jackson-datatype-jdk8/2.18.2/jackson-datatype-jdk8-2.18.2.jar:/home/runner/.m2/repository/com/fasterxml/jackson/datatype/jackson-datatype-jsr310/2.18.2/jackson-datatype-jsr310-2.18.2.jar:/home/runner/.m2/repository/com/fasterxml/jackson/module/jackson-module-parameter-names/2.18.2/jackson-module-parameter-names-2.18.2.jar:/home/runner/.m2/repository/org/springframework/boot/spring-boot-starter-tomcat/3.4.2/spring-boot-starter-tomcat-3.4.2.jar:/home/runner/.m2/repository/org/apache/tomcat/embed/tomcat-embed-core/10.1.34/tomcat-embed-core-10.1.34.jar:/home/runner/.m2/repository/org/apache/tomcat/embed/tomcat-embed-el/10.1.34/tomcat-embed-el-10.1.34.jar:/home/runner/.m2/repository/org/apache/tomcat/embed/tomcat-embed-websocket/10.1.34/tomcat-embed-websocket-10.1.34.jar:/home/runner/.m2/repository/org/springframework/spring-web/6.2.2/spring-web-6.2.2.jar:/home/runner/.m2/repository/io/micrometer/micrometer-observation/1.14.3/micrometer-observation-1.14.3.jar:/home/runner/.m2/repository/io/micrometer/micrometer-commons/1.14.3/micrometer-commons-1.14.3.jar:/home/runner/.m2/repository/org/springframework/spring-webmvc/6.2.2/spring-webmvc-6.2.2.jar:/home/runner/.m2/repository/org/springframework/spring-expression/6.2.2/spring-expression-6.2.2.jar:/home/runner/.m2/repository/org/springframework/boot/spring-boot-starter-test/3.4.2/spring-boot-starter-test-3.4.2.jar:/home/runner/.m2/repository/org/springframework/boot/spring-boot-starter/3.4.2/spring-boot-starter-3.4.2.jar:/home/runner/.m2/repository/org/springframework/boot/spring-boot/3.4.2/spring-boot-3.4.2.jar:/home/runner/.m2/repository/org/springframework/boot/spring-boot-autoconfigure/3.4.2/spring-boot-autoconfigure-3.4.2.jar:/home/runner/.m2/repository/org/springframework/boot/spring-boot-starter-logging/3.4.2/spring-boot-starter-logging-3.4.2.jar:/home/runner/.m2/repository/ch/qos/logback/logback-classic/1.5.16/logback-classic-1.5.16.jar:/home/runner/.m2/repository/ch/qos/logback/logback-core/1.5.16/logback-core-1.5.16.jar:/home/runner/.m2/repository/org/apache/logging/log4j/log4j-to-slf4j/2.24.3/log4j-to-slf4j-2.24.3.jar:/home/runner/.m2/repository/org/apache/logging/log4j/log4j-api/2.24.3/log4j-api-2.24.3.jar:/home/runner/.m2/repository/org/slf4j/jul-to-slf4j/2.0.16/jul-to-slf4j-2.0.16.jar:/home/runner/.m2/repository/jakarta/annotation/jakarta.annotation-api/2.1.1/jakarta.annotation-api-2.1.1.jar:/home/runner/.m2/repository/org/yaml/snakeyaml/2.3/snakeyaml-2.3.jar:/home/runner/.m2/repository/org/springframework/boot/spring-boot-test/3.4.2/spring-boot-test-3.4.2.jar:/home/runner/.m2/repository/org/springframework/boot/spring-boot-test-autoconfigure/3.4.2/spring-boot-test-autoconfigure-3.4.2.jar:/home/runner/.m2/repository/com/jayway/jsonpath/json-path/2.9.0/json-path-2.9.0.jar:/home/runner/.m2/repository/org/slf4j/slf4j-api/2.0.16/slf4j-api-2.0.16.jar:/home/runner/.m2/repository/jakarta/xml/bind/jakarta.xml.bind-api/4.0.2/jakarta.xml.bind-api-4.0.2.jar:/home/runner/.m2/repository/jakarta/activation/jakarta.activation-api/2.1.3/jakarta.activation-api-2.1.3.jar:/home/runner/.m2/repository/net/minidev/json-smart/2.5.1/json-smart-2.5.1.jar:/home/runner/.m2/repository/net/minidev/accessors-smart/2.5.1/accessors-smart-2.5.1.jar:/home/runner/.m2/repository/org/ow2/asm/asm/9.6/asm-9.6.jar:/home/runner/.m2/repository/org/assertj/assertj-core/3.26.3/assertj-core-3.26.3.jar:/home/runner/.m2/repository/org/awaitility/awaitility/4.2.2/awaitility-4.2.2.jar:/home/runner/.m2/repository/org/hamcrest/hamcrest/2.2/hamcrest-2.2.jar:/home/runner/.m2/repository/org/mockito/mockito-junit-jupiter/5.14.2/mockito-junit-jupiter-5.14.2.jar:/home/runner/.m2/repository/org/skyscreamer/jsonassert/1.5.3/jsonassert-1.5.3.jar:/home/runner/.m2/repository/com/vaadin/external/google/android-json/0.0.20131108.vaadin1/android-json-0.0.20131108.vaadin1.jar:/home/runner/.m2/repository/org/springframework/spring-core/6.2.2/spring-core-6.2.2.jar:/home/runner/.m2/repository/org/springframework/spring-jcl/6.2.2/spring-jcl-6.2.2.jar:/home/runner/.m2/repository/org/springframework/spring-test/6.2.2/spring-test-6.2.2.jar:/home/runner/.m2/repository/org/xmlunit/xmlunit-core/2.10.0/xmlunit-core-2.10.0.jar:/home/runner/.m2/repository/org/junit/jupiter/junit-jupiter/5.12.0/junit-jupiter-5.12.0.jar:/home/runner/.m2/repository/org/junit/jupiter/junit-jupiter-api/5.11.4/junit-jupiter-api-5.11.4.jar:/home/runner/.m2/repository/org/opentest4j/opentest4j/1.3.0/opentest4j-1.3.0.jar:/home/runner/.m2/repository/org/junit/platform/junit-platform-commons/1.11.4/junit-platform-commons-1.11.4.jar:/home/runner/.m2/repository/org/junit/jupiter/junit-jupiter-params/5.11.4/junit-jupiter-params-5.11.4.jar:/home/runner/.m2/repository/org/junit/jupiter/junit-jupiter-engine/5.11.4/junit-jupiter-engine-5.11.4.jar:/home/runner/.m2/repository/org/junit/platform/junit-platform-engine/1.11.4/junit-platform-engine-1.11.4.jar:/home/runner/.m2/repository/net/jqwik/jqwik/1.9.2/jqwik-1.9.2.jar:/home/runner/.m2/repository/org/apiguardian/apiguardian-api/1.1.2/apiguardian-api-1.1.2.jar:/home/runner/.m2/repository/net/jqwik/jqwik-api/1.9.2/jqwik-api-1.9.2.jar:/home/runner/.m2/repository/net/jqwik/jqwik-web/1.9.2/jqwik-web-1.9.2.jar:/home/runner/.m2/repository/net/jqwik/jqwik-time/1.9.2/jqwik-time-1.9.2.jar:/home/runner/.m2/repository/net/jqwik/jqwik-engine/1.9.2/jqwik-engine-1.9.2.jar:/home/runner/.m2/repository/org/mockito/mockito-core/5.12.0/mockito-core-5.12.0.jar:/home/runner/.m2/repository/net/bytebuddy/byte-buddy/1.15.11/byte-buddy-1.15.11.jar:/home/runner/.m2/repository/net/bytebuddy/byte-buddy-agent/1.15.11/byte-buddy-agent-1.15.11.jar:/home/runner/.m2/repository/org/objenesis/objenesis/3.3/objenesis-3.3.jar:/home/runner/.m2/repository/org/projectlombok/lombok/1.18.36/lombok-1.18.36.jar:"/>
    <property name="java.vm.vendor" value="Eclipse Adoptium"/>
    <property name="sun.arch.data.model" value="64"/>
    <property name="catalina.useNaming" value="false"/>
    <property name="java.vendor.url" value="https://adoptium.net/"/>
    <property name="user.timezone" value="Etc/UTC"/>
    <property name="org.jboss.logging.provider" value="slf4j"/>
    <property name="os.name" value="Linux"/>
    <property name="java.vm.specification.version" value="17"/>
    <property name="sun.java.launcher" value="SUN_STANDARD"/>
    <property name="sun.boot.library.path" value="/opt/hostedtoolcache/Java_Adopt_jdk/17.0.14-7/x64/lib"/>
    <property name="sun.java.command" value="/home/runner/work/Votify/Votify/votify-test/target/surefire/surefirebooter-20250226023421325_3.jar /home/runner/work/Votify/Votify/votify-test/target/surefire 2025-02-26T02-34-18_557-jvmRun1 surefire-20250226023421325_1tmp surefire_0-20250226023421325_2tmp"/>
    <property name="jdk.debug" value="release"/>
    <property name="surefire.test.class.path" value="/home/runner/work/Votify/Votify/votify-test/target/test-classes:/home/runner/work/Votify/Votify/votify-test/target/classes:/home/runner/work/Votify/Votify/votify-core/target/votify-core-0.0.1-SNAPSHOT.jar:/home/runner/.m2/repository/org/springframework/boot/spring-boot-starter-data-jpa/3.4.2/spring-boot-starter-data-jpa-3.4.2.jar:/home/runner/.m2/repository/org/springframework/boot/spring-boot-starter-jdbc/3.4.2/spring-boot-starter-jdbc-3.4.2.jar:/home/runner/.m2/repository/com/zaxxer/HikariCP/5.1.0/HikariCP-5.1.0.jar:/home/runner/.m2/repository/org/springframework/spring-jdbc/6.2.2/spring-jdbc-6.2.2.jar:/home/runner/.m2/repository/org/hibernate/orm/hibernate-core/6.6.5.Final/hibernate-core-6.6.5.Final.jar:/home/runner/.m2/repository/jakarta/persistence/jakarta.persistence-api/3.1.0/jakarta.persistence-api-3.1.0.jar:/home/runner/.m2/repository/jakarta/transaction/jakarta.transaction-api/2.0.1/jakarta.transaction-api-2.0.1.jar:/home/runner/.m2/repository/org/jboss/logging/jboss-logging/3.6.1.Final/jboss-logging-3.6.1.Final.jar:/home/runner/.m2/repository/org/hibernate/common/hibernate-commons-annotations/7.0.3.Final/hibernate-commons-annotations-7.0.3.Final.jar:/home/runner/.m2/repository/io/smallrye/jandex/3.2.0/jandex-3.2.0.jar:/home/runner/.m2/repository/com/fasterxml/classmate/1.7.0/classmate-1.7.0.jar:/home/runner/.m2/repository/org/glassfish/jaxb/jaxb-runtime/4.0.5/jaxb-runtime-4.0.5.jar:/home/runner/.m2/repository/org/glassfish/jaxb/jaxb-core/4.0.5/jaxb-core-4.0.5.jar:/home/runner/.m2/repository/org/eclipse/angus/angus-activation/2.0.2/angus-activation-2.0.2.jar:/home/runner/.m2/repository/org/glassfish/jaxb/txw2/4.0.5/txw2-4.0.5.jar:/home/runner/.m2/repository/com/sun/istack/istack-commons-runtime/4.1.2/istack-commons-runtime-4.1.2.jar:/home/runner/.m2/repository/jakarta/inject/jakarta.inject-api/2.0.1/jakarta.inject-api-2.0.1.jar:/home/runner/.m2/repository/org/antlr/antlr4-runtime/4.13.0/antlr4-runtime-4.13.0.jar:/home/runner/.m2/repository/org/springframework/data/spring-data-jpa/3.4.2/spring-data-jpa-3.4.2.jar:/home/runner/.m2/repository/org/springframework/data/spring-data-commons/3.4.2/spring-data-commons-3.4.2.jar:/home/runner/.m2/repository/org/springframework/spring-orm/6.2.2/spring-orm-6.2.2.jar:/home/runner/.m2/repository/org/springframework/spring-context/6.2.2/spring-context-6.2.2.jar:/home/runner/.m2/repository/org/springframework/spring-aop/6.2.2/spring-aop-6.2.2.jar:/home/runner/.m2/repository/org/springframework/spring-tx/6.2.2/spring-tx-6.2.2.jar:/home/runner/.m2/repository/org/springframework/spring-beans/6.2.2/spring-beans-6.2.2.jar:/home/runner/.m2/repository/org/springframework/spring-aspects/6.2.2/spring-aspects-6.2.2.jar:/home/runner/.m2/repository/org/aspectj/aspectjweaver/1.9.22.1/aspectjweaver-1.9.22.1.jar:/home/runner/.m2/repository/org/springframework/security/spring-security-crypto/6.4.2/spring-security-crypto-6.4.2.jar:/home/runner/.m2/repository/com/mysql/mysql-connector-j/9.1.0/mysql-connector-j-9.1.0.jar:/home/runner/.m2/repository/com/h2database/h2/2.3.232/h2-2.3.232.jar:/home/runner/work/Votify/Votify/votify-api/target/votify-api-0.0.1-SNAPSHOT.jar:/home/runner/.m2/repository/org/springframework/boot/spring-boot-starter-web/3.4.2/spring-boot-starter-web-3.4.2.jar:/home/runner/.m2/repository/org/springframework/boot/spring-boot-starter-json/3.4.2/spring-boot-starter-json-3.4.2.jar:/home/runner/.m2/repository/com/fasterxml/jackson/core/jackson-databind/2.18.2/jackson-databind-2.18.2.jar:/home/runner/.m2/repository/com/fasterxml/jackson/core/jackson-annotations/2.18.2/jackson-annotations-2.18.2.jar:/home/runner/.m2/repository/com/fasterxml/jackson/core/jackson-core/2.18.2/jackson-core-2.18.2.jar:/home/runner/.m2/repository/com/fasterxml/jackson/datatype/jackson-datatype-jdk8/2.18.2/jackson-datatype-jdk8-2.18.2.jar:/home/runner/.m2/repository/com/fasterxml/jackson/datatype/jackson-datatype-jsr310/2.18.2/jackson-datatype-jsr310-2.18.2.jar:/home/runner/.m2/repository/com/fasterxml/jackson/module/jackson-module-parameter-names/2.18.2/jackson-module-parameter-names-2.18.2.jar:/home/runner/.m2/repository/org/springframework/boot/spring-boot-starter-tomcat/3.4.2/spring-boot-starter-tomcat-3.4.2.jar:/home/runner/.m2/repository/org/apache/tomcat/embed/tomcat-embed-core/10.1.34/tomcat-embed-core-10.1.34.jar:/home/runner/.m2/repository/org/apache/tomcat/embed/tomcat-embed-el/10.1.34/tomcat-embed-el-10.1.34.jar:/home/runner/.m2/repository/org/apache/tomcat/embed/tomcat-embed-websocket/10.1.34/tomcat-embed-websocket-10.1.34.jar:/home/runner/.m2/repository/org/springframework/spring-web/6.2.2/spring-web-6.2.2.jar:/home/runner/.m2/repository/io/micrometer/micrometer-observation/1.14.3/micrometer-observation-1.14.3.jar:/home/runner/.m2/repository/io/micrometer/micrometer-commons/1.14.3/micrometer-commons-1.14.3.jar:/home/runner/.m2/repository/org/springframework/spring-webmvc/6.2.2/spring-webmvc-6.2.2.jar:/home/runner/.m2/repository/org/springframework/spring-expression/6.2.2/spring-expression-6.2.2.jar:/home/runner/.m2/repository/org/springframework/boot/spring-boot-starter-test/3.4.2/spring-boot-starter-test-3.4.2.jar:/home/runner/.m2/repository/org/springframework/boot/spring-boot-starter/3.4.2/spring-boot-starter-3.4.2.jar:/home/runner/.m2/repository/org/springframework/boot/spring-boot/3.4.2/spring-boot-3.4.2.jar:/home/runner/.m2/repository/org/springframework/boot/spring-boot-autoconfigure/3.4.2/spring-boot-autoconfigure-3.4.2.jar:/home/runner/.m2/repository/org/springframework/boot/spring-boot-starter-logging/3.4.2/spring-boot-starter-logging-3.4.2.jar:/home/runner/.m2/repository/ch/qos/logback/logback-classic/1.5.16/logback-classic-1.5.16.jar:/home/runner/.m2/repository/ch/qos/logback/logback-core/1.5.16/logback-core-1.5.16.jar:/home/runner/.m2/repository/org/apache/logging/log4j/log4j-to-slf4j/2.24.3/log4j-to-slf4j-2.24.3.jar:/home/runner/.m2/repository/org/apache/logging/log4j/log4j-api/2.24.3/log4j-api-2.24.3.jar:/home/runner/.m2/repository/org/slf4j/jul-to-slf4j/2.0.16/jul-to-slf4j-2.0.16.jar:/home/runner/.m2/repository/jakarta/annotation/jakarta.annotation-api/2.1.1/jakarta.annotation-api-2.1.1.jar:/home/runner/.m2/repository/org/yaml/snakeyaml/2.3/snakeyaml-2.3.jar:/home/runner/.m2/repository/org/springframework/boot/spring-boot-test/3.4.2/spring-boot-test-3.4.2.jar:/home/runner/.m2/repository/org/springframework/boot/spring-boot-test-autoconfigure/3.4.2/spring-boot-test-autoconfigure-3.4.2.jar:/home/runner/.m2/repository/com/jayway/jsonpath/json-path/2.9.0/json-path-2.9.0.jar:/home/runner/.m2/repository/org/slf4j/slf4j-api/2.0.16/slf4j-api-2.0.16.jar:/home/runner/.m2/repository/jakarta/xml/bind/jakarta.xml.bind-api/4.0.2/jakarta.xml.bind-api-4.0.2.jar:/home/runner/.m2/repository/jakarta/activation/jakarta.activation-api/2.1.3/jakarta.activation-api-2.1.3.jar:/home/runner/.m2/repository/net/minidev/json-smart/2.5.1/json-smart-2.5.1.jar:/home/runner/.m2/repository/net/minidev/accessors-smart/2.5.1/accessors-smart-2.5.1.jar:/home/runner/.m2/repository/org/ow2/asm/asm/9.6/asm-9.6.jar:/home/runner/.m2/repository/org/assertj/assertj-core/3.26.3/assertj-core-3.26.3.jar:/home/runner/.m2/repository/org/awaitility/awaitility/4.2.2/awaitility-4.2.2.jar:/home/runner/.m2/repository/org/hamcrest/hamcrest/2.2/hamcrest-2.2.jar:/home/runner/.m2/repository/org/mockito/mockito-junit-jupiter/5.14.2/mockito-junit-jupiter-5.14.2.jar:/home/runner/.m2/repository/org/skyscreamer/jsonassert/1.5.3/jsonassert-1.5.3.jar:/home/runner/.m2/repository/com/vaadin/external/google/android-json/0.0.20131108.vaadin1/android-json-0.0.20131108.vaadin1.jar:/home/runner/.m2/repository/org/springframework/spring-core/6.2.2/spring-core-6.2.2.jar:/home/runner/.m2/repository/org/springframework/spring-jcl/6.2.2/spring-jcl-6.2.2.jar:/home/runner/.m2/repository/org/springframework/spring-test/6.2.2/spring-test-6.2.2.jar:/home/runner/.m2/repository/org/xmlunit/xmlunit-core/2.10.0/xmlunit-core-2.10.0.jar:/home/runner/.m2/repository/org/junit/jupiter/junit-jupiter/5.12.0/junit-jupiter-5.12.0.jar:/home/runner/.m2/repository/org/junit/jupiter/junit-jupiter-api/5.11.4/junit-jupiter-api-5.11.4.jar:/home/runner/.m2/repository/org/opentest4j/opentest4j/1.3.0/opentest4j-1.3.0.jar:/home/runner/.m2/repository/org/junit/platform/junit-platform-commons/1.11.4/junit-platform-commons-1.11.4.jar:/home/runner/.m2/repository/org/junit/jupiter/junit-jupiter-params/5.11.4/junit-jupiter-params-5.11.4.jar:/home/runner/.m2/repository/org/junit/jupiter/junit-jupiter-engine/5.11.4/junit-jupiter-engine-5.11.4.jar:/home/runner/.m2/repository/org/junit/platform/junit-platform-engine/1.11.4/junit-platform-engine-1.11.4.jar:/home/runner/.m2/repository/net/jqwik/jqwik/1.9.2/jqwik-1.9.2.jar:/home/runner/.m2/repository/org/apiguardian/apiguardian-api/1.1.2/apiguardian-api-1.1.2.jar:/home/runner/.m2/repository/net/jqwik/jqwik-api/1.9.2/jqwik-api-1.9.2.jar:/home/runner/.m2/repository/net/jqwik/jqwik-web/1.9.2/jqwik-web-1.9.2.jar:/home/runner/.m2/repository/net/jqwik/jqwik-time/1.9.2/jqwik-time-1.9.2.jar:/home/runner/.m2/repository/net/jqwik/jqwik-engine/1.9.2/jqwik-engine-1.9.2.jar:/home/runner/.m2/repository/org/mockito/mockito-core/5.12.0/mockito-core-5.12.0.jar:/home/runner/.m2/repository/net/bytebuddy/byte-buddy/1.15.11/byte-buddy-1.15.11.jar:/home/runner/.m2/repository/net/bytebuddy/byte-buddy-agent/1.15.11/byte-buddy-agent-1.15.11.jar:/home/runner/.m2/repository/org/objenesis/objenesis/3.3/objenesis-3.3.jar:/home/runner/.m2/repository/org/projectlombok/lombok/1.18.36/lombok-1.18.36.jar:"/>
    <property name="sun.cpu.endian" value="little"/>
    <property name="user.home" value="/home/runner"/>
    <property name="user.language" value="en"/>
    <property name="java.specification.vendor" value="Oracle Corporation"/>
    <property name="java.version.date" value="2025-01-21"/>
    <property name="java.home" value="/opt/hostedtoolcache/Java_Adopt_jdk/17.0.14-7/x64"/>
    <property name="file.separator" value="/"/>
    <property name="basedir" value="/home/runner/work/Votify/Votify/votify-test"/>
    <property name="java.vm.compressedOopsMode" value="Zero based"/>
    <property name="line.separator" value="&#10;"/>
    <property name="java.vm.specification.vendor" value="Oracle Corporation"/>
    <property name="java.specification.name" value="Java Platform API Specification"/>
    <property name="FILE_LOG_CHARSET" value="UTF-8"/>
    <property name="java.awt.headless" value="true"/>
    <property name="surefire.real.class.path" value="/home/runner/work/Votify/Votify/votify-test/target/surefire/surefirebooter-20250226023421325_3.jar"/>
    <property name="sun.management.compiler" value="HotSpot 64-Bit Tiered Compilers"/>
    <property name="java.runtime.version" value="17.0.14+7"/>
    <property name="user.name" value="runner"/>
    <property name="path.separator" value=":"/>
    <property name="os.version" value="6.8.0-1021-azure"/>
    <property name="java.runtime.name" value="OpenJDK Runtime Environment"/>
    <property name="file.encoding" value="UTF-8"/>
    <property name="java.vm.name" value="OpenJDK 64-Bit Server VM"/>
    <property name="java.vendor.version" value="Temurin-17.0.14+7"/>
    <property name="localRepository" value="/home/runner/.m2/repository"/>
    <property name="java.vendor.url.bug" value="https://github.com/adoptium/adoptium-support/issues"/>
    <property name="java.io.tmpdir" value="/tmp"/>
    <property name="catalina.home" value="/tmp/tomcat.0.1732783291360012627"/>
    <property name="com.zaxxer.hikari.pool_number" value="1"/>
    <property name="java.version" value="17.0.14"/>
    <property name="user.dir" value="/home/runner/work/Votify/Votify/votify-test"/>
    <property name="os.arch" value="amd64"/>
    <property name="java.vm.specification.name" value="Java Virtual Machine Specification"/>
    <property name="PID" value="2167"/>
    <property name="CONSOLE_LOG_CHARSET" value="UTF-8"/>
    <property name="catalina.base" value="/tmp/tomcat.0.1732783291360012627"/>
    <property name="native.encoding" value="UTF-8"/>
    <property name="java.library.path" value="/usr/java/packages/lib:/usr/lib64:/lib64:/lib:/usr/lib"/>
    <property name="java.vm.info" value="mixed mode, sharing"/>
    <property name="java.vendor" value="Eclipse Adoptium"/>
    <property name="java.vm.version" value="17.0.14+7"/>
    <property name="java.specification.maintenance.version" value="1"/>
    <property name="sun.io.unicode.encoding" value="UnicodeLittle"/>
    <property name="java.class.version" value="61.0"/>
  </properties>
  <testcase name="createValidCommonUser" classname="br.com.votify.core.service.UserServiceTest" time="0.845">
    <system-out><![CDATA[
  .   ____          _            __ _ _
 /\\ / ___'_ __ _ _(_)_ __  __ _ \ \ \ \
( ( )\___ | '_ | '_| | '_ \/ _` | \ \ \ \
 \\/  ___)| |_)| | | | | || (_| |  ) ) ) )
  '  |____| .__|_| |_|_| |_\__, | / / / /
 =========|_|==============|___/=/_/_/_/

 :: Spring Boot ::                (v3.4.2)

2025-02-26T02:34:24.217Z  INFO 2167 --- [           main] b.c.votify.core.service.UserServiceTest  : Starting UserServiceTest using Java 17.0.14 with PID 2167 (started by runner in /home/runner/work/Votify/Votify/votify-test)
2025-02-26T02:34:24.221Z  INFO 2167 --- [           main] b.c.votify.core.service.UserServiceTest  : No active profile set, falling back to 1 default profile: "default"
2025-02-26T02:34:24.909Z  INFO 2167 --- [           main] .s.d.r.c.RepositoryConfigurationDelegate : Bootstrapping Spring Data JPA repositories in DEFAULT mode.
2025-02-26T02:34:24.969Z  INFO 2167 --- [           main] .s.d.r.c.RepositoryConfigurationDelegate : Finished Spring Data repository scanning in 45 ms. Found 1 JPA repository interface.
2025-02-26T02:34:25.996Z  INFO 2167 --- [           main] o.s.b.w.embedded.tomcat.TomcatWebServer  : Tomcat initialized with port 0 (http)
2025-02-26T02:34:26.018Z  INFO 2167 --- [           main] o.apache.catalina.core.StandardService   : Starting service [Tomcat]
2025-02-26T02:34:26.019Z  INFO 2167 --- [           main] o.apache.catalina.core.StandardEngine    : Starting Servlet engine: [Apache Tomcat/10.1.34]
2025-02-26T02:34:26.089Z  INFO 2167 --- [           main] o.a.c.c.C.[Tomcat].[localhost].[/]       : Initializing Spring embedded WebApplicationContext
2025-02-26T02:34:26.091Z  INFO 2167 --- [           main] w.s.c.ServletWebServerApplicationContext : Root WebApplicationContext: initialization completed in 1840 ms
2025-02-26T02:34:26.330Z  INFO 2167 --- [           main] o.hibernate.jpa.internal.util.LogHelper  : HHH000204: Processing PersistenceUnitInfo [name: default]
2025-02-26T02:34:26.418Z  INFO 2167 --- [           main] org.hibernate.Version                    : HHH000412: Hibernate ORM core version 6.6.5.Final
2025-02-26T02:34:26.467Z  INFO 2167 --- [           main] o.h.c.internal.RegionFactoryInitiator    : HHH000026: Second-level cache disabled
2025-02-26T02:34:26.898Z  INFO 2167 --- [           main] o.s.o.j.p.SpringPersistenceUnitInfo      : No LoadTimeWeaver setup: ignoring JPA class transformer
2025-02-26T02:34:26.941Z  INFO 2167 --- [           main] com.zaxxer.hikari.HikariDataSource       : HikariPool-1 - Starting...
2025-02-26T02:34:27.345Z  INFO 2167 --- [           main] com.zaxxer.hikari.pool.HikariPool        : HikariPool-1 - Added connection conn0: url=jdbc:h2:mem:test user=SA
2025-02-26T02:34:27.348Z  INFO 2167 --- [           main] com.zaxxer.hikari.HikariDataSource       : HikariPool-1 - Start completed.
2025-02-26T02:34:27.406Z  WARN 2167 --- [           main] org.hibernate.dialect.Dialect            : HHH000511: The 2.3.232 version for [org.hibernate.dialect.MySQLDialect] is no longer supported, hence certain features may not work properly. The minimum supported version is 8.0.0. Check the community dialects project for available legacy versions.
2025-02-26T02:34:27.410Z  WARN 2167 --- [           main] org.hibernate.orm.deprecation            : HHH90000025: MySQLDialect does not need to be specified explicitly using 'hibernate.dialect' (remove the property setting and it will be selected by default)
2025-02-26T02:34:27.440Z  INFO 2167 --- [           main] org.hibernate.orm.connections.pooling    : HHH10001005: Database info:
	Database JDBC URL [Connecting through datasource 'HikariDataSource (HikariPool-1)']
	Database driver: undefined/unknown
	Database version: 2.3.232
	Autocommit mode: undefined/unknown
	Isolation level: undefined/unknown
	Minimum pool size: undefined/unknown
	Maximum pool size: undefined/unknown
2025-02-26T02:34:28.718Z  INFO 2167 --- [           main] o.h.e.t.j.p.i.JtaPlatformInitiator       : HHH000489: No JTA platform available (set 'hibernate.transaction.jta.platform' to enable JTA platform integration)
2025-02-26T02:34:28.831Z  INFO 2167 --- [           main] j.LocalContainerEntityManagerFactoryBean : Initialized JPA EntityManagerFactory for persistence unit 'default'
2025-02-26T02:34:29.237Z  WARN 2167 --- [           main] JpaBaseConfiguration$JpaWebConfiguration : spring.jpa.open-in-view is enabled by default. Therefore, database queries may be performed during view rendering. Explicitly configure spring.jpa.open-in-view to disable this warning
2025-02-26T02:34:29.621Z  INFO 2167 --- [           main] o.s.b.a.h2.H2ConsoleAutoConfiguration    : H2 console available at '/h2-console'. Database available at 'jdbc:h2:mem:test'
2025-02-26T02:34:29.902Z  INFO 2167 --- [           main] o.s.b.w.embedded.tomcat.TomcatWebServer  : Tomcat started on port 43223 (http) with context path '/'
2025-02-26T02:34:29.914Z  INFO 2167 --- [           main] b.c.votify.core.service.UserServiceTest  : Started UserServiceTest in 6.212 seconds (process running for 8.543)
]]></system-out>
  </testcase>
  <testcase name="createValidModeratorUser" classname="br.com.votify.core.service.UserServiceTest" time="0.092"/>
  <testcase name="createValidAdminUser" classname="br.com.votify.core.service.UserServiceTest" time="0.084"/>
  <testcase name="createUserWithUserNameAlreadyExists" classname="br.com.votify.core.service.UserServiceTest" time="0.012"/>
  <testcase name="createUserWithEmailAlreadyExists" classname="br.com.votify.core.service.UserServiceTest" time="0.007"/>
  <testcase name="checkInvalidPasswordFromCreatedUser" classname="br.com.votify.core.service.UserServiceTest" time="0.102"/>
  <testcase name="getAll" classname="br.com.votify.core.service.UserServiceTest" time="0.013"/>
  <testcase name="checkPasswordMatchFromCreatedUser" classname="br.com.votify.core.service.UserServiceTest" time="0.081"/>
  <testcase name="getNonExistentUser" classname="br.com.votify.core.service.UserServiceTest" time="0.006"/>
  <testcase name="getUserById" classname="br.com.votify.core.service.UserServiceTest" time="0.006"/>
</testsuite>